Build started 1/15/2017 8:50:56 PM.
     1>Project "C:\Users\Amanda\Desktop\HD\02 School\Columbia College\08 January 2017\CISS 350 Adv Algorithms and Data Structures\PA2\PA2\PA2\PA2.vcxproj" on node 2 (Build target(s)).
     1>ClCompile:
         C:\Program Files (x86)\Microsoft Visual Studio 14.0\VC\bin\CL.exe /c /ZI /nologo /W3 /WX- /sdl /Od /Oy- /D WIN32 /D _DEBUG /D _CONSOLE /D _UNICODE /D UNICODE /Gm /EHsc /RTC1 /MDd /GS /fp:precise /Zc:wchar_t /Zc:forScope /Zc:inline /Fo"Debug\\" /Fd"Debug\vc140.pdb" /Gd /TP /analyze- /errorReport:prompt PA2_Source.cpp Person.cpp UnsortedType.cpp
         PA2_Source.cpp
     1>c:\users\amanda\desktop\hd\02 school\columbia college\08 january 2017\ciss 350 adv algorithms and data structures\pa2\pa2\pa2\pa2_source.cpp(10): warning C4067: unexpected tokens following preprocessor directive - expected a newline
     1>c:\users\amanda\desktop\hd\02 school\columbia college\08 january 2017\ciss 350 adv algorithms and data structures\pa2\pa2\pa2\pa2_source.cpp(11): warning C4067: unexpected tokens following preprocessor directive - expected a newline
     1>c:\users\amanda\desktop\hd\02 school\columbia college\08 january 2017\ciss 350 adv algorithms and data structures\pa2\pa2\pa2\unsortedtype.h(7): warning C4067: unexpected tokens following preprocessor directive - expected a newline
         Generating Code...
         Skipping... (no relevant changes detected)
         UnsortedType.cpp
         Person.cpp
       Link:
         C:\Program Files (x86)\Microsoft Visual Studio 14.0\VC\bin\link.exe /ERRORREPORT:PROMPT /OUT:"C:\Users\Amanda\Desktop\HD\02 School\Columbia College\08 January 2017\CISS 350 Adv Algorithms and Data Structures\PA2\PA2\Debug\PA2.exe" /INCREMENTAL /NOLOGO kernel32.lib user32.lib gdi32.lib winspool.lib comdlg32.lib advapi32.lib shell32.lib ole32.lib oleaut32.lib uuid.lib odbc32.lib odbccp32.lib /MANIFEST /MANIFESTUAC:"level='asInvoker' uiAccess='false'" /manifest:embed /Debug /PDB:"C:\Users\Amanda\Desktop\HD\02 School\Columbia College\08 January 2017\CISS 350 Adv Algorithms and Data Structures\PA2\PA2\Debug\PA2.pdb" /SUBSYSTEM:CONSOLE /TLBID:1 /DYNAMICBASE /NXCOMPAT /IMPLIB:"C:\Users\Amanda\Desktop\HD\02 School\Columbia College\08 January 2017\CISS 350 Adv Algorithms and Data Structures\PA2\PA2\Debug\PA2.lib" /MACHINE:X86 Debug\PA2_Source.obj
         Debug\Person.obj
         Debug\UnsortedType.obj
         PA2.vcxproj -> C:\Users\Amanda\Desktop\HD\02 School\Columbia College\08 January 2017\CISS 350 Adv Algorithms and Data Structures\PA2\PA2\Debug\PA2.exe
     1>Done Building Project "C:\Users\Amanda\Desktop\HD\02 School\Columbia College\08 January 2017\CISS 350 Adv Algorithms and Data Structures\PA2\PA2\PA2\PA2.vcxproj" (Build target(s)).

Build succeeded.

Time Elapsed 00:00:03.93
